Determining if the function sgemm_ exists failed with the following output:
Change Dir: /home/zerohour/第二次任务喵/task/build/CMakeFiles/CMakeTmp

Run Build Command(s):/usr/bin/gmake -f Makefile cmTC_7e698/fast && /usr/bin/gmake  -f CMakeFiles/cmTC_7e698.dir/build.make CMakeFiles/cmTC_7e698.dir/build
gmake[1]: 进入目录“/home/zerohour/第二次任务喵/task/build/CMakeFiles/CMakeTmp”
Building C object CMakeFiles/cmTC_7e698.dir/CheckFunctionExists.c.o
/usr/bin/gcc   -DCHECK_FUNCTION_EXISTS=sgemm_ -o CMakeFiles/cmTC_7e698.dir/CheckFunctionExists.c.o -c /usr/share/cmake-3.22/Modules/CheckFunctionExists.c
Linking C executable cmTC_7e698
/usr/bin/cmake -E cmake_link_script CMakeFiles/cmTC_7e698.dir/link.txt --verbose=1
/usr/bin/gcc  -DCHECK_FUNCTION_EXISTS=sgemm_ CMakeFiles/cmTC_7e698.dir/CheckFunctionExists.c.o -o cmTC_7e698 
/usr/bin/ld: CMakeFiles/cmTC_7e698.dir/CheckFunctionExists.c.o: in function `main':
CheckFunctionExists.c:(.text+0x14): undefined reference to `sgemm_'
collect2: error: ld returned 1 exit status
gmake[1]: *** [CMakeFiles/cmTC_7e698.dir/build.make:99：cmTC_7e698] 错误 1
gmake[1]: 离开目录“/home/zerohour/第二次任务喵/task/build/CMakeFiles/CMakeTmp”
gmake: *** [Makefile:127：cmTC_7e698/fast] 错误 2



Determining if the function cheev_ exists failed with the following output:
Change Dir: /home/zerohour/第二次任务喵/task/build/CMakeFiles/CMakeTmp

Run Build Command(s):/usr/bin/gmake -f Makefile cmTC_26aa2/fast && /usr/bin/gmake  -f CMakeFiles/cmTC_26aa2.dir/build.make CMakeFiles/cmTC_26aa2.dir/build
gmake[1]: 进入目录“/home/zerohour/第二次任务喵/task/build/CMakeFiles/CMakeTmp”
Building C object CMakeFiles/cmTC_26aa2.dir/CheckFunctionExists.c.o
/usr/bin/gcc   -DCHECK_FUNCTION_EXISTS=cheev_ -o CMakeFiles/cmTC_26aa2.dir/CheckFunctionExists.c.o -c /usr/share/cmake-3.22/Modules/CheckFunctionExists.c
Linking C executable cmTC_26aa2
/usr/bin/cmake -E cmake_link_script CMakeFiles/cmTC_26aa2.dir/link.txt --verbose=1
/usr/bin/gcc  -DCHECK_FUNCTION_EXISTS=cheev_ CMakeFiles/cmTC_26aa2.dir/CheckFunctionExists.c.o -o cmTC_26aa2  /usr/lib/x86_64-linux-gnu/libblas.so /usr/lib/x86_64-linux-gnu/libf77blas.so /usr/lib/x86_64-linux-gnu/libatlas.so -lm -ldl 
/usr/bin/ld: CMakeFiles/cmTC_26aa2.dir/CheckFunctionExists.c.o: in function `main':
CheckFunctionExists.c:(.text+0x14): undefined reference to `cheev_'
collect2: error: ld returned 1 exit status
gmake[1]: *** [CMakeFiles/cmTC_26aa2.dir/build.make:102：cmTC_26aa2] 错误 1
gmake[1]: 离开目录“/home/zerohour/第二次任务喵/task/build/CMakeFiles/CMakeTmp”
gmake: *** [Makefile:127：cmTC_26aa2/fast] 错误 2



Determining if the function cheev_ exists failed with the following output:
Change Dir: /home/zerohour/第二次任务喵/task/build/CMakeFiles/CMakeTmp

Run Build Command(s):/usr/bin/gmake -f Makefile cmTC_388a0/fast && /usr/bin/gmake  -f CMakeFiles/cmTC_388a0.dir/build.make CMakeFiles/cmTC_388a0.dir/build
gmake[1]: 进入目录“/home/zerohour/第二次任务喵/task/build/CMakeFiles/CMakeTmp”
Building C object CMakeFiles/cmTC_388a0.dir/CheckFunctionExists.c.o
/usr/bin/gcc   -DCHECK_FUNCTION_EXISTS=cheev_ -o CMakeFiles/cmTC_388a0.dir/CheckFunctionExists.c.o -c /usr/share/cmake-3.22/Modules/CheckFunctionExists.c
Linking C executable cmTC_388a0
/usr/bin/cmake -E cmake_link_script CMakeFiles/cmTC_388a0.dir/link.txt --verbose=1
/usr/bin/gcc  -DCHECK_FUNCTION_EXISTS=cheev_ CMakeFiles/cmTC_388a0.dir/CheckFunctionExists.c.o -o cmTC_388a0  /usr/lib/x86_64-linux-gnu/liblapack.so /usr/lib/x86_64-linux-gnu/libblas.so /usr/lib/x86_64-linux-gnu/libf77blas.so /usr/lib/x86_64-linux-gnu/libatlas.so -fortranlibs 
gcc: error: unrecognized command-line option ‘-fortranlibs’
gmake[1]: *** [CMakeFiles/cmTC_388a0.dir/build.make:103：cmTC_388a0] 错误 1
gmake[1]: 离开目录“/home/zerohour/第二次任务喵/task/build/CMakeFiles/CMakeTmp”
gmake: *** [Makefile:127：cmTC_388a0/fast] 错误 2



